<?xml version="1.0" encoding="UTF-8"?>
<!-- Generated by org.testng.reporters.JUnitXMLReporter -->
<testsuite ignored="0" hostname="LAPTOP-BFLMTGNK" failures="0" tests="0" name="FacebookTest" time="0.092" errors="0" timestamp="2023-08-19T09:34:10 IST">
  <testcase classname="core.Page" name="@BeforeTest generateLogReport" time="0.023">
    <skipped/>
  </testcase> <!-- @BeforeTest generateLogReport -->
  <testcase classname="core.Page" name="@BeforeClass makeWBConnection" time="0.0">
    <skipped/>
  </testcase> <!-- @BeforeClass makeWBConnection -->
  <testcase classname="core.Page" name="@AfterClass closeWBConnection" time="0.0">
    <skipped/>
  </testcase> <!-- @AfterClass closeWBConnection -->
  <testcase classname="core.Page" name="@AfterTest closeReport" time="0.0">
    <skipped/>
  </testcase> <!-- @AfterTest closeReport -->
</testsuite> <!-- FacebookTest -->
