<?xml version="1.0" encoding="UTF-8"?>
<!-- Generated by org.testng.reporters.JUnitXMLReporter -->
<testsuite ignored="0" hostname="LAPTOP-BFLMTGNK" failures="0" tests="35" name="StateTest" time="126.15" errors="0" timestamp="2023-08-19T09:36:17 IST">
  <testcase classname="testcases.StatesTest" name="test" time="0.325"/>
  <testcase classname="testcases.StatesTest" name="test" time="0.152"/>
  <testcase classname="testcases.StatesTest" name="test" time="0.16"/>
  <testcase classname="testcases.StatesTest" name="test" time="0.164"/>
  <testcase classname="testcases.StatesTest" name="test" time="0.211"/>
  <testcase classname="testcases.StatesTest" name="test" time="0.206"/>
  <testcase classname="testcases.StatesTest" name="test" time="0.225"/>
  <testcase classname="testcases.StatesTest" name="test" time="0.239"/>
  <testcase classname="testcases.StatesTest" name="test" time="0.256"/>
  <testcase classname="testcases.StatesTest" name="test" time="0.285"/>
  <testcase classname="testcases.StatesTest" name="test" time="0.292"/>
  <testcase classname="testcases.StatesTest" name="test" time="0.325"/>
  <testcase classname="testcases.StatesTest" name="test" time="0.313"/>
  <testcase classname="testcases.StatesTest" name="test" time="0.32"/>
  <testcase classname="testcases.StatesTest" name="test" time="0.35"/>
  <testcase classname="testcases.StatesTest" name="test" time="0.361"/>
  <testcase classname="testcases.StatesTest" name="test" time="0.396"/>
  <testcase classname="testcases.StatesTest" name="test" time="0.397"/>
  <testcase classname="testcases.StatesTest" name="test" time="0.363"/>
  <testcase classname="testcases.StatesTest" name="test" time="0.478"/>
  <testcase classname="testcases.StatesTest" name="test" time="0.672"/>
  <testcase classname="testcases.StatesTest" name="test" time="0.447"/>
  <testcase classname="testcases.StatesTest" name="test" time="0.503"/>
  <testcase classname="testcases.StatesTest" name="test" time="0.496"/>
  <testcase classname="testcases.StatesTest" name="test" time="0.489"/>
  <testcase classname="testcases.StatesTest" name="test" time="0.519"/>
  <testcase classname="testcases.StatesTest" name="test" time="0.55"/>
  <testcase classname="testcases.StatesTest" name="test" time="0.533"/>
  <testcase classname="testcases.StatesTest" name="test" time="0.582"/>
  <testcase classname="testcases.StatesTest" name="test" time="0.585"/>
  <testcase classname="testcases.StatesTest" name="test" time="0.579"/>
  <testcase classname="testcases.StatesTest" name="test" time="0.631"/>
  <testcase classname="testcases.StatesTest" name="test" time="0.608"/>
  <testcase classname="testcases.StatesTest" name="test" time="0.669"/>
  <testcase classname="testcases.StatesTest" name="test" time="0.393"/>
</testsuite> <!-- StateTest -->
