<?xml version="1.0" encoding="UTF-8"?>
<testng-results ignored="0" total="35" passed="35" failed="0" skipped="0">
  <reporter-output>
  </reporter-output>
  <suite started-at="2023-08-19T09:34:10 IST" name="Suite" finished-at="2023-08-19T09:36:17 IST" duration-ms="126373">
    <groups>
    </groups>
    <test started-at="2023-08-19T09:34:10 IST" name="FacebookTest" finished-at="2023-08-19T09:34:10 IST" duration-ms="92">
      <class name="testcases.FacebookTest">
        <test-method is-config="true" signature="generateLogReport(java.lang.String,java.lang.String,java.lang.String)[pri:0, instance:testcases.FacebookTest@cc43f62]" started-at="2023-08-19T09:34:10 IST" name="generateLogReport" finished-at="2023-08-19T09:34:10 IST" duration-ms="23" status="SKIP">
          <params>
            <param index="0">
              <value>
                <![CDATA[facebook]]>
              </value>
            </param>
            <param index="1">
              <value>
                <![CDATA[dest1]]>
              </value>
            </param>
            <param index="2">
              <value>
                <![CDATA[false]]>
              </value>
            </param>
          </params>
          <exception class="org.testng.SkipException">
            <message>
              <![CDATA[skip test]]>
            </message>
            <full-stacktrace>
              <![CDATA[org.testng.SkipException: skip test
at core.Page.generateLogReport(Page.java:123)
at java.base/jdk.internal.reflect.NativeMethodAccessorImpl.invoke0(Native Method)
at java.base/jdk.internal.reflect.NativeMethodAccessorImpl.invoke(NativeMethodAccessorImpl.java:77)
at java.base/jdk.internal.reflect.DelegatingMethodAccessorImpl.invoke(DelegatingMethodAccessorImpl.java:43)
at java.base/java.lang.reflect.Method.invoke(Method.java:568)
at org.testng.internal.invokers.MethodInvocationHelper.invokeMethod(MethodInvocationHelper.java:139)
at org.testng.internal.invokers.MethodInvocationHelper.invokeMethodConsideringTimeout(MethodInvocationHelper.java:69)
at org.testng.internal.invokers.ConfigInvoker.invokeConfigurationMethod(ConfigInvoker.java:390)
at org.testng.internal.invokers.ConfigInvoker.invokeConfigurations(ConfigInvoker.java:325)
at org.testng.TestRunner.invokeTestConfigurations(TestRunner.java:663)
at org.testng.TestRunner.beforeRun(TestRunner.java:652)
at org.testng.TestRunner.run(TestRunner.java:614)
at org.testng.SuiteRunner.runTest(SuiteRunner.java:443)
at org.testng.SuiteRunner.runSequentially(SuiteRunner.java:437)
at org.testng.SuiteRunner.privateRun(SuiteRunner.java:397)
at org.testng.SuiteRunner.run(SuiteRunner.java:336)
at org.testng.SuiteRunnerWorker.runSuite(SuiteRunnerWorker.java:52)
at org.testng.SuiteRunnerWorker.run(SuiteRunnerWorker.java:95)
at org.testng.TestNG.runSuitesSequentially(TestNG.java:1280)
at org.testng.TestNG.runSuitesLocally(TestNG.java:1200)
at org.testng.TestNG.runSuites(TestNG.java:1114)
at org.testng.TestNG.run(TestNG.java:1082)
at org.testng.remote.AbstractRemoteTestNG.run(AbstractRemoteTestNG.java:115)
at org.testng.remote.RemoteTestNG.initAndRun(RemoteTestNG.java:251)
at org.testng.remote.RemoteTestNG.main(RemoteTestNG.java:77)
]]>
            </full-stacktrace>
          </exception> <!-- org.testng.SkipException -->
          <reporter-output>
          </reporter-output>
        </test-method> <!-- generateLogReport -->
        <test-method is-config="true" signature="makeWBConnection(java.lang.String,java.lang.String)[pri:0, instance:testcases.FacebookTest@cc43f62]" started-at="2023-08-19T09:34:10 IST" name="makeWBConnection" finished-at="2023-08-19T09:34:10 IST" duration-ms="0" status="SKIP">
          <reporter-output>
          </reporter-output>
        </test-method> <!-- makeWBConnection -->
        <test-method is-config="true" signature="closeWBConnection()[pri:0, instance:testcases.FacebookTest@cc43f62]" started-at="2023-08-19T09:34:10 IST" name="closeWBConnection" finished-at="2023-08-19T09:34:10 IST" duration-ms="0" status="SKIP">
          <reporter-output>
          </reporter-output>
        </test-method> <!-- closeWBConnection -->
        <test-method is-config="true" signature="closeReport()[pri:0, instance:testcases.FacebookTest@cc43f62]" started-at="2023-08-19T09:34:10 IST" name="closeReport" finished-at="2023-08-19T09:34:10 IST" duration-ms="0" status="SKIP">
          <reporter-output>
          </reporter-output>
        </test-method> <!-- closeReport -->
      </class> <!-- testcases.FacebookTest -->
    </test> <!-- FacebookTest -->
    <test started-at="2023-08-19T09:34:10 IST" name="StateTest" finished-at="2023-08-19T09:36:17 IST" duration-ms="126150">
      <class name="testcases.StatesTest">
        <test-method is-config="true" signature="generateLogReport(java.lang.String,java.lang.String,java.lang.String)[pri:0, instance:testcases.StatesTest@6c4906d3]" started-at="2023-08-19T09:34:10 IST" name="generateLogReport" finished-at="2023-08-19T09:34:11 IST" duration-ms="295" status="PASS">
          <params>
            <param index="0">
              <value>
                <![CDATA[states]]>
              </value>
            </param>
            <param index="1">
              <value>
                <![CDATA[dest2]]>
              </value>
            </param>
            <param index="2">
              <value>
                <![CDATA[true]]>
              </value>
            </param>
          </params>
          <reporter-output>
          </reporter-output>
        </test-method> <!-- generateLogReport -->
        <test-method is-config="true" signature="makeWBConnection(java.lang.String,java.lang.String)[pri:0, instance:testcases.StatesTest@6c4906d3]" started-at="2023-08-19T09:34:11 IST" name="makeWBConnection" finished-at="2023-08-19T09:34:12 IST" duration-ms="894" status="PASS">
          <params>
            <param index="0">
              <value>
                <![CDATA[States.xlsx]]>
              </value>
            </param>
            <param index="1">
              <value>
                <![CDATA[Sheet1]]>
              </value>
            </param>
          </params>
          <reporter-output>
          </reporter-output>
        </test-method> <!-- makeWBConnection -->
        <test-method is-config="true" signature="openBrowser(java.lang.String,java.lang.String)[pri:0, instance:testcases.StatesTest@6c4906d3]" started-at="2023-08-19T09:34:12 IST" name="openBrowser" finished-at="2023-08-19T09:34:16 IST" duration-ms="4641" status="PASS">
          <params>
            <param index="0">
              <value>
                <![CDATA[chrome]]>
              </value>
            </param>
            <param index="1">
              <value>
                <![CDATA[http://www.rminfotechsolutions.com/VideoRegNewRMInfotech.html]]>
              </value>
            </param>
          </params>
          <reporter-output>
          </reporter-output>
        </test-method> <!-- openBrowser -->
        <test-method is-config="true" signature="screenshot(java.lang.String)[pri:0, instance:testcases.StatesTest@6c4906d3]" started-at="2023-08-19T09:34:16 IST" name="screenshot" finished-at="2023-08-19T09:34:17 IST" depends-on-methods="core.Page.openBrowser" duration-ms="297" status="PASS">
          <params>
            <param index="0">
              <value>
                <![CDATA[rminfotechimg]]>
              </value>
            </param>
          </params>
          <reporter-output>
          </reporter-output>
        </test-method> <!-- screenshot -->
        <test-method signature="test(java.lang.String)[pri:0, instance:testcases.StatesTest@6c4906d3]" started-at="2023-08-19T09:34:17 IST" name="test" data-provider="dp" finished-at="2023-08-19T09:34:17 IST" duration-ms="325" status="PASS">
          <params>
            <param index="0">
              <value>
                <![CDATA[Select]]>
              </value>
            </param>
          </params>
          <reporter-output>
          </reporter-output>
        </test-method> <!-- test -->
        <test-method is-config="true" signature="closeBrowser()[pri:0, instance:testcases.StatesTest@6c4906d3]" started-at="2023-08-19T09:34:17 IST" name="closeBrowser" finished-at="2023-08-19T09:34:17 IST" duration-ms="259" status="PASS">
          <reporter-output>
          </reporter-output>
        </test-method> <!-- closeBrowser -->
        <test-method is-config="true" signature="openBrowser(java.lang.String,java.lang.String)[pri:0, instance:testcases.StatesTest@6c4906d3]" started-at="2023-08-19T09:34:17 IST" name="openBrowser" finished-at="2023-08-19T09:34:20 IST" duration-ms="2511" status="PASS">
          <params>
            <param index="0">
              <value>
                <![CDATA[chrome]]>
              </value>
            </param>
            <param index="1">
              <value>
                <![CDATA[http://www.rminfotechsolutions.com/VideoRegNewRMInfotech.html]]>
              </value>
            </param>
          </params>
          <reporter-output>
          </reporter-output>
        </test-method> <!-- openBrowser -->
        <test-method is-config="true" signature="screenshot(java.lang.String)[pri:0, instance:testcases.StatesTest@6c4906d3]" started-at="2023-08-19T09:34:20 IST" name="screenshot" finished-at="2023-08-19T09:34:20 IST" depends-on-methods="core.Page.openBrowser" duration-ms="295" status="PASS">
          <params>
            <param index="0">
              <value>
                <![CDATA[rminfotechimg]]>
              </value>
            </param>
          </params>
          <reporter-output>
          </reporter-output>
        </test-method> <!-- screenshot -->
        <test-method signature="test(java.lang.String)[pri:0, instance:testcases.StatesTest@6c4906d3]" started-at="2023-08-19T09:34:20 IST" name="test" data-provider="dp" finished-at="2023-08-19T09:34:20 IST" duration-ms="152" status="PASS">
          <params>
            <param index="0">
              <value>
                <![CDATA[Andhra Pradesh]]>
              </value>
            </param>
          </params>
          <reporter-output>
          </reporter-output>
        </test-method> <!-- test -->
        <test-method is-config="true" signature="closeBrowser()[pri:0, instance:testcases.StatesTest@6c4906d3]" started-at="2023-08-19T09:34:20 IST" name="closeBrowser" finished-at="2023-08-19T09:34:20 IST" duration-ms="262" status="PASS">
          <reporter-output>
          </reporter-output>
        </test-method> <!-- closeBrowser -->
        <test-method is-config="true" signature="openBrowser(java.lang.String,java.lang.String)[pri:0, instance:testcases.StatesTest@6c4906d3]" started-at="2023-08-19T09:34:20 IST" name="openBrowser" finished-at="2023-08-19T09:34:23 IST" duration-ms="2449" status="PASS">
          <params>
            <param index="0">
              <value>
                <![CDATA[chrome]]>
              </value>
            </param>
            <param index="1">
              <value>
                <![CDATA[http://www.rminfotechsolutions.com/VideoRegNewRMInfotech.html]]>
              </value>
            </param>
          </params>
          <reporter-output>
          </reporter-output>
        </test-method> <!-- openBrowser -->
        <test-method is-config="true" signature="screenshot(java.lang.String)[pri:0, instance:testcases.StatesTest@6c4906d3]" started-at="2023-08-19T09:34:23 IST" name="screenshot" finished-at="2023-08-19T09:34:23 IST" depends-on-methods="core.Page.openBrowser" duration-ms="313" status="PASS">
          <params>
            <param index="0">
              <value>
                <![CDATA[rminfotechimg]]>
              </value>
            </param>
          </params>
          <reporter-output>
          </reporter-output>
        </test-method> <!-- screenshot -->
        <test-method signature="test(java.lang.String)[pri:0, instance:testcases.StatesTest@6c4906d3]" started-at="2023-08-19T09:34:23 IST" name="test" data-provider="dp" finished-at="2023-08-19T09:34:23 IST" duration-ms="160" status="PASS">
          <params>
            <param index="0">
              <value>
                <![CDATA[Arunachal Pradesh]]>
              </value>
            </param>
          </params>
          <reporter-output>
          </reporter-output>
        </test-method> <!-- test -->
        <test-method is-config="true" signature="closeBrowser()[pri:0, instance:testcases.StatesTest@6c4906d3]" started-at="2023-08-19T09:34:23 IST" name="closeBrowser" finished-at="2023-08-19T09:34:24 IST" duration-ms="252" status="PASS">
          <reporter-output>
          </reporter-output>
        </test-method> <!-- closeBrowser -->
        <test-method is-config="true" signature="openBrowser(java.lang.String,java.lang.String)[pri:0, instance:testcases.StatesTest@6c4906d3]" started-at="2023-08-19T09:34:24 IST" name="openBrowser" finished-at="2023-08-19T09:34:27 IST" duration-ms="3282" status="PASS">
          <params>
            <param index="0">
              <value>
                <![CDATA[chrome]]>
              </value>
            </param>
            <param index="1">
              <value>
                <![CDATA[http://www.rminfotechsolutions.com/VideoRegNewRMInfotech.html]]>
              </value>
            </param>
          </params>
          <reporter-output>
          </reporter-output>
        </test-method> <!-- openBrowser -->
        <test-method is-config="true" signature="screenshot(java.lang.String)[pri:0, instance:testcases.StatesTest@6c4906d3]" started-at="2023-08-19T09:34:27 IST" name="screenshot" finished-at="2023-08-19T09:34:27 IST" depends-on-methods="core.Page.openBrowser" duration-ms="223" status="PASS">
          <params>
            <param index="0">
              <value>
                <![CDATA[rminfotechimg]]>
              </value>
            </param>
          </params>
          <reporter-output>
          </reporter-output>
        </test-method> <!-- screenshot -->
        <test-method signature="test(java.lang.String)[pri:0, instance:testcases.StatesTest@6c4906d3]" started-at="2023-08-19T09:34:27 IST" name="test" data-provider="dp" finished-at="2023-08-19T09:34:27 IST" duration-ms="164" status="PASS">
          <params>
            <param index="0">
              <value>
                <![CDATA[Assam]]>
              </value>
            </param>
          </params>
          <reporter-output>
          </reporter-output>
        </test-method> <!-- test -->
        <test-method is-config="true" signature="closeBrowser()[pri:0, instance:testcases.StatesTest@6c4906d3]" started-at="2023-08-19T09:34:27 IST" name="closeBrowser" finished-at="2023-08-19T09:34:27 IST" duration-ms="248" status="PASS">
          <reporter-output>
          </reporter-output>
        </test-method> <!-- closeBrowser -->
        <test-method is-config="true" signature="openBrowser(java.lang.String,java.lang.String)[pri:0, instance:testcases.StatesTest@6c4906d3]" started-at="2023-08-19T09:34:27 IST" name="openBrowser" finished-at="2023-08-19T09:34:30 IST" duration-ms="2368" status="PASS">
          <params>
            <param index="0">
              <value>
                <![CDATA[chrome]]>
              </value>
            </param>
            <param index="1">
              <value>
                <![CDATA[http://www.rminfotechsolutions.com/VideoRegNewRMInfotech.html]]>
              </value>
            </param>
          </params>
          <reporter-output>
          </reporter-output>
        </test-method> <!-- openBrowser -->
        <test-method is-config="true" signature="screenshot(java.lang.String)[pri:0, instance:testcases.StatesTest@6c4906d3]" started-at="2023-08-19T09:34:30 IST" name="screenshot" finished-at="2023-08-19T09:34:30 IST" depends-on-methods="core.Page.openBrowser" duration-ms="297" status="PASS">
          <params>
            <param index="0">
              <value>
                <![CDATA[rminfotechimg]]>
              </value>
            </param>
          </params>
          <reporter-output>
          </reporter-output>
        </test-method> <!-- screenshot -->
        <test-method signature="test(java.lang.String)[pri:0, instance:testcases.StatesTest@6c4906d3]" started-at="2023-08-19T09:34:30 IST" name="test" data-provider="dp" finished-at="2023-08-19T09:34:30 IST" duration-ms="211" status="PASS">
          <params>
            <param index="0">
              <value>
                <![CDATA[Bihar]]>
              </value>
            </param>
          </params>
          <reporter-output>
          </reporter-output>
        </test-method> <!-- test -->
        <test-method is-config="true" signature="closeBrowser()[pri:0, instance:testcases.StatesTest@6c4906d3]" started-at="2023-08-19T09:34:30 IST" name="closeBrowser" finished-at="2023-08-19T09:34:31 IST" duration-ms="306" status="PASS">
          <reporter-output>
          </reporter-output>
        </test-method> <!-- closeBrowser -->
        <test-method is-config="true" signature="openBrowser(java.lang.String,java.lang.String)[pri:0, instance:testcases.StatesTest@6c4906d3]" started-at="2023-08-19T09:34:31 IST" name="openBrowser" finished-at="2023-08-19T09:34:34 IST" duration-ms="3540" status="PASS">
          <params>
            <param index="0">
              <value>
                <![CDATA[chrome]]>
              </value>
            </param>
            <param index="1">
              <value>
                <![CDATA[http://www.rminfotechsolutions.com/VideoRegNewRMInfotech.html]]>
              </value>
            </param>
          </params>
          <reporter-output>
          </reporter-output>
        </test-method> <!-- openBrowser -->
        <test-method is-config="true" signature="screenshot(java.lang.String)[pri:0, instance:testcases.StatesTest@6c4906d3]" started-at="2023-08-19T09:34:34 IST" name="screenshot" finished-at="2023-08-19T09:34:34 IST" depends-on-methods="core.Page.openBrowser" duration-ms="216" status="PASS">
          <params>
            <param index="0">
              <value>
                <![CDATA[rminfotechimg]]>
              </value>
            </param>
          </params>
          <reporter-output>
          </reporter-output>
        </test-method> <!-- screenshot -->
        <test-method signature="test(java.lang.String)[pri:0, instance:testcases.StatesTest@6c4906d3]" started-at="2023-08-19T09:34:34 IST" name="test" data-provider="dp" finished-at="2023-08-19T09:34:35 IST" duration-ms="206" status="PASS">
          <params>
            <param index="0">
              <value>
                <![CDATA[Chandigarh]]>
              </value>
            </param>
          </params>
          <reporter-output>
          </reporter-output>
        </test-method> <!-- test -->
        <test-method is-config="true" signature="closeBrowser()[pri:0, instance:testcases.StatesTest@6c4906d3]" started-at="2023-08-19T09:34:35 IST" name="closeBrowser" finished-at="2023-08-19T09:34:35 IST" duration-ms="257" status="PASS">
          <reporter-output>
          </reporter-output>
        </test-method> <!-- closeBrowser -->
        <test-method is-config="true" signature="openBrowser(java.lang.String,java.lang.String)[pri:0, instance:testcases.StatesTest@6c4906d3]" started-at="2023-08-19T09:34:35 IST" name="openBrowser" finished-at="2023-08-19T09:34:37 IST" duration-ms="2534" status="PASS">
          <params>
            <param index="0">
              <value>
                <![CDATA[chrome]]>
              </value>
            </param>
            <param index="1">
              <value>
                <![CDATA[http://www.rminfotechsolutions.com/VideoRegNewRMInfotech.html]]>
              </value>
            </param>
          </params>
          <reporter-output>
          </reporter-output>
        </test-method> <!-- openBrowser -->
        <test-method is-config="true" signature="screenshot(java.lang.String)[pri:0, instance:testcases.StatesTest@6c4906d3]" started-at="2023-08-19T09:34:37 IST" name="screenshot" finished-at="2023-08-19T09:34:38 IST" depends-on-methods="core.Page.openBrowser" duration-ms="292" status="PASS">
          <params>
            <param index="0">
              <value>
                <![CDATA[rminfotechimg]]>
              </value>
            </param>
          </params>
          <reporter-output>
          </reporter-output>
        </test-method> <!-- screenshot -->
        <test-method signature="test(java.lang.String)[pri:0, instance:testcases.StatesTest@6c4906d3]" started-at="2023-08-19T09:34:38 IST" name="test" data-provider="dp" finished-at="2023-08-19T09:34:38 IST" duration-ms="225" status="PASS">
          <params>
            <param index="0">
              <value>
                <![CDATA[Chhattisgarh]]>
              </value>
            </param>
          </params>
          <reporter-output>
          </reporter-output>
        </test-method> <!-- test -->
        <test-method is-config="true" signature="closeBrowser()[pri:0, instance:testcases.StatesTest@6c4906d3]" started-at="2023-08-19T09:34:38 IST" name="closeBrowser" finished-at="2023-08-19T09:34:38 IST" duration-ms="243" status="PASS">
          <reporter-output>
          </reporter-output>
        </test-method> <!-- closeBrowser -->
        <test-method is-config="true" signature="openBrowser(java.lang.String,java.lang.String)[pri:0, instance:testcases.StatesTest@6c4906d3]" started-at="2023-08-19T09:34:38 IST" name="openBrowser" finished-at="2023-08-19T09:34:41 IST" duration-ms="2462" status="PASS">
          <params>
            <param index="0">
              <value>
                <![CDATA[chrome]]>
              </value>
            </param>
            <param index="1">
              <value>
                <![CDATA[http://www.rminfotechsolutions.com/VideoRegNewRMInfotech.html]]>
              </value>
            </param>
          </params>
          <reporter-output>
          </reporter-output>
        </test-method> <!-- openBrowser -->
        <test-method is-config="true" signature="screenshot(java.lang.String)[pri:0, instance:testcases.StatesTest@6c4906d3]" started-at="2023-08-19T09:34:41 IST" name="screenshot" finished-at="2023-08-19T09:34:41 IST" depends-on-methods="core.Page.openBrowser" duration-ms="274" status="PASS">
          <params>
            <param index="0">
              <value>
                <![CDATA[rminfotechimg]]>
              </value>
            </param>
          </params>
          <reporter-output>
          </reporter-output>
        </test-method> <!-- screenshot -->
        <test-method signature="test(java.lang.String)[pri:0, instance:testcases.StatesTest@6c4906d3]" started-at="2023-08-19T09:34:41 IST" name="test" data-provider="dp" finished-at="2023-08-19T09:34:41 IST" duration-ms="239" status="PASS">
          <params>
            <param index="0">
              <value>
                <![CDATA[Dadra & Nagar Haveli]]>
              </value>
            </param>
          </params>
          <reporter-output>
          </reporter-output>
        </test-method> <!-- test -->
        <test-method is-config="true" signature="closeBrowser()[pri:0, instance:testcases.StatesTest@6c4906d3]" started-at="2023-08-19T09:34:41 IST" name="closeBrowser" finished-at="2023-08-19T09:34:41 IST" duration-ms="234" status="PASS">
          <reporter-output>
          </reporter-output>
        </test-method> <!-- closeBrowser -->
        <test-method is-config="true" signature="openBrowser(java.lang.String,java.lang.String)[pri:0, instance:testcases.StatesTest@6c4906d3]" started-at="2023-08-19T09:34:41 IST" name="openBrowser" finished-at="2023-08-19T09:34:44 IST" duration-ms="2416" status="PASS">
          <params>
            <param index="0">
              <value>
                <![CDATA[chrome]]>
              </value>
            </param>
            <param index="1">
              <value>
                <![CDATA[http://www.rminfotechsolutions.com/VideoRegNewRMInfotech.html]]>
              </value>
            </param>
          </params>
          <reporter-output>
          </reporter-output>
        </test-method> <!-- openBrowser -->
        <test-method is-config="true" signature="screenshot(java.lang.String)[pri:0, instance:testcases.StatesTest@6c4906d3]" started-at="2023-08-19T09:34:44 IST" name="screenshot" finished-at="2023-08-19T09:34:44 IST" depends-on-methods="core.Page.openBrowser" duration-ms="285" status="PASS">
          <params>
            <param index="0">
              <value>
                <![CDATA[rminfotechimg]]>
              </value>
            </param>
          </params>
          <reporter-output>
          </reporter-output>
        </test-method> <!-- screenshot -->
        <test-method signature="test(java.lang.String)[pri:0, instance:testcases.StatesTest@6c4906d3]" started-at="2023-08-19T09:34:44 IST" name="test" data-provider="dp" finished-at="2023-08-19T09:34:44 IST" duration-ms="256" status="PASS">
          <params>
            <param index="0">
              <value>
                <![CDATA[Daman & Due]]>
              </value>
            </param>
          </params>
          <reporter-output>
          </reporter-output>
        </test-method> <!-- test -->
        <test-method is-config="true" signature="closeBrowser()[pri:0, instance:testcases.StatesTest@6c4906d3]" started-at="2023-08-19T09:34:44 IST" name="closeBrowser" finished-at="2023-08-19T09:34:45 IST" duration-ms="256" status="PASS">
          <reporter-output>
          </reporter-output>
        </test-method> <!-- closeBrowser -->
        <test-method is-config="true" signature="openBrowser(java.lang.String,java.lang.String)[pri:0, instance:testcases.StatesTest@6c4906d3]" started-at="2023-08-19T09:34:45 IST" name="openBrowser" finished-at="2023-08-19T09:34:47 IST" duration-ms="2440" status="PASS">
          <params>
            <param index="0">
              <value>
                <![CDATA[chrome]]>
              </value>
            </param>
            <param index="1">
              <value>
                <![CDATA[http://www.rminfotechsolutions.com/VideoRegNewRMInfotech.html]]>
              </value>
            </param>
          </params>
          <reporter-output>
          </reporter-output>
        </test-method> <!-- openBrowser -->
        <test-method is-config="true" signature="screenshot(java.lang.String)[pri:0, instance:testcases.StatesTest@6c4906d3]" started-at="2023-08-19T09:34:47 IST" name="screenshot" finished-at="2023-08-19T09:34:47 IST" depends-on-methods="core.Page.openBrowser" duration-ms="306" status="PASS">
          <params>
            <param index="0">
              <value>
                <![CDATA[rminfotechimg]]>
              </value>
            </param>
          </params>
          <reporter-output>
          </reporter-output>
        </test-method> <!-- screenshot -->
        <test-method signature="test(java.lang.String)[pri:0, instance:testcases.StatesTest@6c4906d3]" started-at="2023-08-19T09:34:47 IST" name="test" data-provider="dp" finished-at="2023-08-19T09:34:48 IST" duration-ms="285" status="PASS">
          <params>
            <param index="0">
              <value>
                <![CDATA[Delhi]]>
              </value>
            </param>
          </params>
          <reporter-output>
          </reporter-output>
        </test-method> <!-- test -->
        <test-method is-config="true" signature="closeBrowser()[pri:0, instance:testcases.StatesTest@6c4906d3]" started-at="2023-08-19T09:34:48 IST" name="closeBrowser" finished-at="2023-08-19T09:34:48 IST" duration-ms="251" status="PASS">
          <reporter-output>
          </reporter-output>
        </test-method> <!-- closeBrowser -->
        <test-method is-config="true" signature="openBrowser(java.lang.String,java.lang.String)[pri:0, instance:testcases.StatesTest@6c4906d3]" started-at="2023-08-19T09:34:48 IST" name="openBrowser" finished-at="2023-08-19T09:34:50 IST" duration-ms="2449" status="PASS">
          <params>
            <param index="0">
              <value>
                <![CDATA[chrome]]>
              </value>
            </param>
            <param index="1">
              <value>
                <![CDATA[http://www.rminfotechsolutions.com/VideoRegNewRMInfotech.html]]>
              </value>
            </param>
          </params>
          <reporter-output>
          </reporter-output>
        </test-method> <!-- openBrowser -->
        <test-method is-config="true" signature="screenshot(java.lang.String)[pri:0, instance:testcases.StatesTest@6c4906d3]" started-at="2023-08-19T09:34:50 IST" name="screenshot" finished-at="2023-08-19T09:34:51 IST" depends-on-methods="core.Page.openBrowser" duration-ms="226" status="PASS">
          <params>
            <param index="0">
              <value>
                <![CDATA[rminfotechimg]]>
              </value>
            </param>
          </params>
          <reporter-output>
          </reporter-output>
        </test-method> <!-- screenshot -->
        <test-method signature="test(java.lang.String)[pri:0, instance:testcases.StatesTest@6c4906d3]" started-at="2023-08-19T09:34:51 IST" name="test" data-provider="dp" finished-at="2023-08-19T09:34:51 IST" duration-ms="292" status="PASS">
          <params>
            <param index="0">
              <value>
                <![CDATA[Goa]]>
              </value>
            </param>
          </params>
          <reporter-output>
          </reporter-output>
        </test-method> <!-- test -->
        <test-method is-config="true" signature="closeBrowser()[pri:0, instance:testcases.StatesTest@6c4906d3]" started-at="2023-08-19T09:34:51 IST" name="closeBrowser" finished-at="2023-08-19T09:34:51 IST" duration-ms="244" status="PASS">
          <reporter-output>
          </reporter-output>
        </test-method> <!-- closeBrowser -->
        <test-method is-config="true" signature="openBrowser(java.lang.String,java.lang.String)[pri:0, instance:testcases.StatesTest@6c4906d3]" started-at="2023-08-19T09:34:51 IST" name="openBrowser" finished-at="2023-08-19T09:34:53 IST" duration-ms="2314" status="PASS">
          <params>
            <param index="0">
              <value>
                <![CDATA[chrome]]>
              </value>
            </param>
            <param index="1">
              <value>
                <![CDATA[http://www.rminfotechsolutions.com/VideoRegNewRMInfotech.html]]>
              </value>
            </param>
          </params>
          <reporter-output>
          </reporter-output>
        </test-method> <!-- openBrowser -->
        <test-method is-config="true" signature="screenshot(java.lang.String)[pri:0, instance:testcases.StatesTest@6c4906d3]" started-at="2023-08-19T09:34:53 IST" name="screenshot" finished-at="2023-08-19T09:34:54 IST" depends-on-methods="core.Page.openBrowser" duration-ms="309" status="PASS">
          <params>
            <param index="0">
              <value>
                <![CDATA[rminfotechimg]]>
              </value>
            </param>
          </params>
          <reporter-output>
          </reporter-output>
        </test-method> <!-- screenshot -->
        <test-method signature="test(java.lang.String)[pri:0, instance:testcases.StatesTest@6c4906d3]" started-at="2023-08-19T09:34:54 IST" name="test" data-provider="dp" finished-at="2023-08-19T09:34:54 IST" duration-ms="325" status="PASS">
          <params>
            <param index="0">
              <value>
                <![CDATA[Gujarat]]>
              </value>
            </param>
          </params>
          <reporter-output>
          </reporter-output>
        </test-method> <!-- test -->
        <test-method is-config="true" signature="closeBrowser()[pri:0, instance:testcases.StatesTest@6c4906d3]" started-at="2023-08-19T09:34:54 IST" name="closeBrowser" finished-at="2023-08-19T09:34:54 IST" duration-ms="263" status="PASS">
          <reporter-output>
          </reporter-output>
        </test-method> <!-- closeBrowser -->
        <test-method is-config="true" signature="openBrowser(java.lang.String,java.lang.String)[pri:0, instance:testcases.StatesTest@6c4906d3]" started-at="2023-08-19T09:34:54 IST" name="openBrowser" finished-at="2023-08-19T09:34:57 IST" duration-ms="2367" status="PASS">
          <params>
            <param index="0">
              <value>
                <![CDATA[chrome]]>
              </value>
            </param>
            <param index="1">
              <value>
                <![CDATA[http://www.rminfotechsolutions.com/VideoRegNewRMInfotech.html]]>
              </value>
            </param>
          </params>
          <reporter-output>
          </reporter-output>
        </test-method> <!-- openBrowser -->
        <test-method is-config="true" signature="screenshot(java.lang.String)[pri:0, instance:testcases.StatesTest@6c4906d3]" started-at="2023-08-19T09:34:57 IST" name="screenshot" finished-at="2023-08-19T09:34:57 IST" depends-on-methods="core.Page.openBrowser" duration-ms="302" status="PASS">
          <params>
            <param index="0">
              <value>
                <![CDATA[rminfotechimg]]>
              </value>
            </param>
          </params>
          <reporter-output>
          </reporter-output>
        </test-method> <!-- screenshot -->
        <test-method signature="test(java.lang.String)[pri:0, instance:testcases.StatesTest@6c4906d3]" started-at="2023-08-19T09:34:57 IST" name="test" data-provider="dp" finished-at="2023-08-19T09:34:57 IST" duration-ms="313" status="PASS">
          <params>
            <param index="0">
              <value>
                <![CDATA[Haryana]]>
              </value>
            </param>
          </params>
          <reporter-output>
          </reporter-output>
        </test-method> <!-- test -->
        <test-method is-config="true" signature="closeBrowser()[pri:0, instance:testcases.StatesTest@6c4906d3]" started-at="2023-08-19T09:34:57 IST" name="closeBrowser" finished-at="2023-08-19T09:34:58 IST" duration-ms="251" status="PASS">
          <reporter-output>
          </reporter-output>
        </test-method> <!-- closeBrowser -->
        <test-method is-config="true" signature="openBrowser(java.lang.String,java.lang.String)[pri:0, instance:testcases.StatesTest@6c4906d3]" started-at="2023-08-19T09:34:58 IST" name="openBrowser" finished-at="2023-08-19T09:35:00 IST" duration-ms="2443" status="PASS">
          <params>
            <param index="0">
              <value>
                <![CDATA[chrome]]>
              </value>
            </param>
            <param index="1">
              <value>
                <![CDATA[http://www.rminfotechsolutions.com/VideoRegNewRMInfotech.html]]>
              </value>
            </param>
          </params>
          <reporter-output>
          </reporter-output>
        </test-method> <!-- openBrowser -->
        <test-method is-config="true" signature="screenshot(java.lang.String)[pri:0, instance:testcases.StatesTest@6c4906d3]" started-at="2023-08-19T09:35:00 IST" name="screenshot" finished-at="2023-08-19T09:35:00 IST" depends-on-methods="core.Page.openBrowser" duration-ms="281" status="PASS">
          <params>
            <param index="0">
              <value>
                <![CDATA[rminfotechimg]]>
              </value>
            </param>
          </params>
          <reporter-output>
          </reporter-output>
        </test-method> <!-- screenshot -->
        <test-method signature="test(java.lang.String)[pri:0, instance:testcases.StatesTest@6c4906d3]" started-at="2023-08-19T09:35:00 IST" name="test" data-provider="dp" finished-at="2023-08-19T09:35:01 IST" duration-ms="320" status="PASS">
          <params>
            <param index="0">
              <value>
                <![CDATA[Himachal]]>
              </value>
            </param>
          </params>
          <reporter-output>
          </reporter-output>
        </test-method> <!-- test -->
        <test-method is-config="true" signature="closeBrowser()[pri:0, instance:testcases.StatesTest@6c4906d3]" started-at="2023-08-19T09:35:01 IST" name="closeBrowser" finished-at="2023-08-19T09:35:01 IST" duration-ms="191" status="PASS">
          <reporter-output>
          </reporter-output>
        </test-method> <!-- closeBrowser -->
        <test-method is-config="true" signature="openBrowser(java.lang.String,java.lang.String)[pri:0, instance:testcases.StatesTest@6c4906d3]" started-at="2023-08-19T09:35:01 IST" name="openBrowser" finished-at="2023-08-19T09:35:03 IST" duration-ms="2381" status="PASS">
          <params>
            <param index="0">
              <value>
                <![CDATA[chrome]]>
              </value>
            </param>
            <param index="1">
              <value>
                <![CDATA[http://www.rminfotechsolutions.com/VideoRegNewRMInfotech.html]]>
              </value>
            </param>
          </params>
          <reporter-output>
          </reporter-output>
        </test-method> <!-- openBrowser -->
        <test-method is-config="true" signature="screenshot(java.lang.String)[pri:0, instance:testcases.StatesTest@6c4906d3]" started-at="2023-08-19T09:35:03 IST" name="screenshot" finished-at="2023-08-19T09:35:03 IST" depends-on-methods="core.Page.openBrowser" duration-ms="256" status="PASS">
          <params>
            <param index="0">
              <value>
                <![CDATA[rminfotechimg]]>
              </value>
            </param>
          </params>
          <reporter-output>
          </reporter-output>
        </test-method> <!-- screenshot -->
        <test-method signature="test(java.lang.String)[pri:0, instance:testcases.StatesTest@6c4906d3]" started-at="2023-08-19T09:35:03 IST" name="test" data-provider="dp" finished-at="2023-08-19T09:35:04 IST" duration-ms="350" status="PASS">
          <params>
            <param index="0">
              <value>
                <![CDATA[Jammu & Kashmeer]]>
              </value>
            </param>
          </params>
          <reporter-output>
          </reporter-output>
        </test-method> <!-- test -->
        <test-method is-config="true" signature="closeBrowser()[pri:0, instance:testcases.StatesTest@6c4906d3]" started-at="2023-08-19T09:35:04 IST" name="closeBrowser" finished-at="2023-08-19T09:35:04 IST" duration-ms="240" status="PASS">
          <reporter-output>
          </reporter-output>
        </test-method> <!-- closeBrowser -->
        <test-method is-config="true" signature="openBrowser(java.lang.String,java.lang.String)[pri:0, instance:testcases.StatesTest@6c4906d3]" started-at="2023-08-19T09:35:04 IST" name="openBrowser" finished-at="2023-08-19T09:35:07 IST" duration-ms="2540" status="PASS">
          <params>
            <param index="0">
              <value>
                <![CDATA[chrome]]>
              </value>
            </param>
            <param index="1">
              <value>
                <![CDATA[http://www.rminfotechsolutions.com/VideoRegNewRMInfotech.html]]>
              </value>
            </param>
          </params>
          <reporter-output>
          </reporter-output>
        </test-method> <!-- openBrowser -->
        <test-method is-config="true" signature="screenshot(java.lang.String)[pri:0, instance:testcases.StatesTest@6c4906d3]" started-at="2023-08-19T09:35:07 IST" name="screenshot" finished-at="2023-08-19T09:35:07 IST" depends-on-methods="core.Page.openBrowser" duration-ms="294" status="PASS">
          <params>
            <param index="0">
              <value>
                <![CDATA[rminfotechimg]]>
              </value>
            </param>
          </params>
          <reporter-output>
          </reporter-output>
        </test-method> <!-- screenshot -->
        <test-method signature="test(java.lang.String)[pri:0, instance:testcases.StatesTest@6c4906d3]" started-at="2023-08-19T09:35:07 IST" name="test" data-provider="dp" finished-at="2023-08-19T09:35:07 IST" duration-ms="361" status="PASS">
          <params>
            <param index="0">
              <value>
                <![CDATA[Jharkhand]]>
              </value>
            </param>
          </params>
          <reporter-output>
          </reporter-output>
        </test-method> <!-- test -->
        <test-method is-config="true" signature="closeBrowser()[pri:0, instance:testcases.StatesTest@6c4906d3]" started-at="2023-08-19T09:35:07 IST" name="closeBrowser" finished-at="2023-08-19T09:35:07 IST" duration-ms="244" status="PASS">
          <reporter-output>
          </reporter-output>
        </test-method> <!-- closeBrowser -->
        <test-method is-config="true" signature="openBrowser(java.lang.String,java.lang.String)[pri:0, instance:testcases.StatesTest@6c4906d3]" started-at="2023-08-19T09:35:07 IST" name="openBrowser" finished-at="2023-08-19T09:35:10 IST" duration-ms="2440" status="PASS">
          <params>
            <param index="0">
              <value>
                <![CDATA[chrome]]>
              </value>
            </param>
            <param index="1">
              <value>
                <![CDATA[http://www.rminfotechsolutions.com/VideoRegNewRMInfotech.html]]>
              </value>
            </param>
          </params>
          <reporter-output>
          </reporter-output>
        </test-method> <!-- openBrowser -->
        <test-method is-config="true" signature="screenshot(java.lang.String)[pri:0, instance:testcases.StatesTest@6c4906d3]" started-at="2023-08-19T09:35:10 IST" name="screenshot" finished-at="2023-08-19T09:35:10 IST" depends-on-methods="core.Page.openBrowser" duration-ms="283" status="PASS">
          <params>
            <param index="0">
              <value>
                <![CDATA[rminfotechimg]]>
              </value>
            </param>
          </params>
          <reporter-output>
          </reporter-output>
        </test-method> <!-- screenshot -->
        <test-method signature="test(java.lang.String)[pri:0, instance:testcases.StatesTest@6c4906d3]" started-at="2023-08-19T09:35:10 IST" name="test" data-provider="dp" finished-at="2023-08-19T09:35:11 IST" duration-ms="396" status="PASS">
          <params>
            <param index="0">
              <value>
                <![CDATA[Karnataka]]>
              </value>
            </param>
          </params>
          <reporter-output>
          </reporter-output>
        </test-method> <!-- test -->
        <test-method is-config="true" signature="closeBrowser()[pri:0, instance:testcases.StatesTest@6c4906d3]" started-at="2023-08-19T09:35:11 IST" name="closeBrowser" finished-at="2023-08-19T09:35:11 IST" duration-ms="311" status="PASS">
          <reporter-output>
          </reporter-output>
        </test-method> <!-- closeBrowser -->
        <test-method is-config="true" signature="openBrowser(java.lang.String,java.lang.String)[pri:0, instance:testcases.StatesTest@6c4906d3]" started-at="2023-08-19T09:35:11 IST" name="openBrowser" finished-at="2023-08-19T09:35:14 IST" duration-ms="2688" status="PASS">
          <params>
            <param index="0">
              <value>
                <![CDATA[chrome]]>
              </value>
            </param>
            <param index="1">
              <value>
                <![CDATA[http://www.rminfotechsolutions.com/VideoRegNewRMInfotech.html]]>
              </value>
            </param>
          </params>
          <reporter-output>
          </reporter-output>
        </test-method> <!-- openBrowser -->
        <test-method is-config="true" signature="screenshot(java.lang.String)[pri:0, instance:testcases.StatesTest@6c4906d3]" started-at="2023-08-19T09:35:14 IST" name="screenshot" finished-at="2023-08-19T09:35:14 IST" depends-on-methods="core.Page.openBrowser" duration-ms="301" status="PASS">
          <params>
            <param index="0">
              <value>
                <![CDATA[rminfotechimg]]>
              </value>
            </param>
          </params>
          <reporter-output>
          </reporter-output>
        </test-method> <!-- screenshot -->
        <test-method signature="test(java.lang.String)[pri:0, instance:testcases.StatesTest@6c4906d3]" started-at="2023-08-19T09:35:14 IST" name="test" data-provider="dp" finished-at="2023-08-19T09:35:14 IST" duration-ms="397" status="PASS">
          <params>
            <param index="0">
              <value>
                <![CDATA[Kerala]]>
              </value>
            </param>
          </params>
          <reporter-output>
          </reporter-output>
        </test-method> <!-- test -->
        <test-method is-config="true" signature="closeBrowser()[pri:0, instance:testcases.StatesTest@6c4906d3]" started-at="2023-08-19T09:35:14 IST" name="closeBrowser" finished-at="2023-08-19T09:35:14 IST" duration-ms="239" status="PASS">
          <reporter-output>
          </reporter-output>
        </test-method> <!-- closeBrowser -->
        <test-method is-config="true" signature="openBrowser(java.lang.String,java.lang.String)[pri:0, instance:testcases.StatesTest@6c4906d3]" started-at="2023-08-19T09:35:14 IST" name="openBrowser" finished-at="2023-08-19T09:35:17 IST" duration-ms="2437" status="PASS">
          <params>
            <param index="0">
              <value>
                <![CDATA[chrome]]>
              </value>
            </param>
            <param index="1">
              <value>
                <![CDATA[http://www.rminfotechsolutions.com/VideoRegNewRMInfotech.html]]>
              </value>
            </param>
          </params>
          <reporter-output>
          </reporter-output>
        </test-method> <!-- openBrowser -->
        <test-method is-config="true" signature="screenshot(java.lang.String)[pri:0, instance:testcases.StatesTest@6c4906d3]" started-at="2023-08-19T09:35:17 IST" name="screenshot" finished-at="2023-08-19T09:35:17 IST" depends-on-methods="core.Page.openBrowser" duration-ms="310" status="PASS">
          <params>
            <param index="0">
              <value>
                <![CDATA[rminfotechimg]]>
              </value>
            </param>
          </params>
          <reporter-output>
          </reporter-output>
        </test-method> <!-- screenshot -->
        <test-method signature="test(java.lang.String)[pri:0, instance:testcases.StatesTest@6c4906d3]" started-at="2023-08-19T09:35:17 IST" name="test" data-provider="dp" finished-at="2023-08-19T09:35:18 IST" duration-ms="363" status="PASS">
          <params>
            <param index="0">
              <value>
                <![CDATA[Madhya Pradesh]]>
              </value>
            </param>
          </params>
          <reporter-output>
          </reporter-output>
        </test-method> <!-- test -->
        <test-method is-config="true" signature="closeBrowser()[pri:0, instance:testcases.StatesTest@6c4906d3]" started-at="2023-08-19T09:35:18 IST" name="closeBrowser" finished-at="2023-08-19T09:35:18 IST" duration-ms="250" status="PASS">
          <reporter-output>
          </reporter-output>
        </test-method> <!-- closeBrowser -->
        <test-method is-config="true" signature="openBrowser(java.lang.String,java.lang.String)[pri:0, instance:testcases.StatesTest@6c4906d3]" started-at="2023-08-19T09:35:18 IST" name="openBrowser" finished-at="2023-08-19T09:35:20 IST" duration-ms="2316" status="PASS">
          <params>
            <param index="0">
              <value>
                <![CDATA[chrome]]>
              </value>
            </param>
            <param index="1">
              <value>
                <![CDATA[http://www.rminfotechsolutions.com/VideoRegNewRMInfotech.html]]>
              </value>
            </param>
          </params>
          <reporter-output>
          </reporter-output>
        </test-method> <!-- openBrowser -->
        <test-method is-config="true" signature="screenshot(java.lang.String)[pri:0, instance:testcases.StatesTest@6c4906d3]" started-at="2023-08-19T09:35:20 IST" name="screenshot" finished-at="2023-08-19T09:35:20 IST" depends-on-methods="core.Page.openBrowser" duration-ms="272" status="PASS">
          <params>
            <param index="0">
              <value>
                <![CDATA[rminfotechimg]]>
              </value>
            </param>
          </params>
          <reporter-output>
          </reporter-output>
        </test-method> <!-- screenshot -->
        <test-method signature="test(java.lang.String)[pri:0, instance:testcases.StatesTest@6c4906d3]" started-at="2023-08-19T09:35:20 IST" name="test" data-provider="dp" finished-at="2023-08-19T09:35:21 IST" duration-ms="478" status="PASS">
          <params>
            <param index="0">
              <value>
                <![CDATA[Maharashtra]]>
              </value>
            </param>
          </params>
          <reporter-output>
          </reporter-output>
        </test-method> <!-- test -->
        <test-method is-config="true" signature="closeBrowser()[pri:0, instance:testcases.StatesTest@6c4906d3]" started-at="2023-08-19T09:35:21 IST" name="closeBrowser" finished-at="2023-08-19T09:35:21 IST" duration-ms="246" status="PASS">
          <reporter-output>
          </reporter-output>
        </test-method> <!-- closeBrowser -->
        <test-method is-config="true" signature="openBrowser(java.lang.String,java.lang.String)[pri:0, instance:testcases.StatesTest@6c4906d3]" started-at="2023-08-19T09:35:21 IST" name="openBrowser" finished-at="2023-08-19T09:35:24 IST" duration-ms="2521" status="PASS">
          <params>
            <param index="0">
              <value>
                <![CDATA[chrome]]>
              </value>
            </param>
            <param index="1">
              <value>
                <![CDATA[http://www.rminfotechsolutions.com/VideoRegNewRMInfotech.html]]>
              </value>
            </param>
          </params>
          <reporter-output>
          </reporter-output>
        </test-method> <!-- openBrowser -->
        <test-method is-config="true" signature="screenshot(java.lang.String)[pri:0, instance:testcases.StatesTest@6c4906d3]" started-at="2023-08-19T09:35:24 IST" name="screenshot" finished-at="2023-08-19T09:35:24 IST" depends-on-methods="core.Page.openBrowser" duration-ms="285" status="PASS">
          <params>
            <param index="0">
              <value>
                <![CDATA[rminfotechimg]]>
              </value>
            </param>
          </params>
          <reporter-output>
          </reporter-output>
        </test-method> <!-- screenshot -->
        <test-method signature="test(java.lang.String)[pri:0, instance:testcases.StatesTest@6c4906d3]" started-at="2023-08-19T09:35:24 IST" name="test" data-provider="dp" finished-at="2023-08-19T09:35:25 IST" duration-ms="672" status="PASS">
          <params>
            <param index="0">
              <value>
                <![CDATA[Telagna]]>
              </value>
            </param>
          </params>
          <reporter-output>
          </reporter-output>
        </test-method> <!-- test -->
        <test-method is-config="true" signature="closeBrowser()[pri:0, instance:testcases.StatesTest@6c4906d3]" started-at="2023-08-19T09:35:25 IST" name="closeBrowser" finished-at="2023-08-19T09:35:25 IST" duration-ms="241" status="PASS">
          <reporter-output>
          </reporter-output>
        </test-method> <!-- closeBrowser -->
        <test-method is-config="true" signature="openBrowser(java.lang.String,java.lang.String)[pri:0, instance:testcases.StatesTest@6c4906d3]" started-at="2023-08-19T09:35:25 IST" name="openBrowser" finished-at="2023-08-19T09:35:28 IST" duration-ms="3278" status="PASS">
          <params>
            <param index="0">
              <value>
                <![CDATA[chrome]]>
              </value>
            </param>
            <param index="1">
              <value>
                <![CDATA[http://www.rminfotechsolutions.com/VideoRegNewRMInfotech.html]]>
              </value>
            </param>
          </params>
          <reporter-output>
          </reporter-output>
        </test-method> <!-- openBrowser -->
        <test-method is-config="true" signature="screenshot(java.lang.String)[pri:0, instance:testcases.StatesTest@6c4906d3]" started-at="2023-08-19T09:35:28 IST" name="screenshot" finished-at="2023-08-19T09:35:28 IST" depends-on-methods="core.Page.openBrowser" duration-ms="230" status="PASS">
          <params>
            <param index="0">
              <value>
                <![CDATA[rminfotechimg]]>
              </value>
            </param>
          </params>
          <reporter-output>
          </reporter-output>
        </test-method> <!-- screenshot -->
        <test-method signature="test(java.lang.String)[pri:0, instance:testcases.StatesTest@6c4906d3]" started-at="2023-08-19T09:35:28 IST" name="test" data-provider="dp" finished-at="2023-08-19T09:35:29 IST" duration-ms="447" status="PASS">
          <params>
            <param index="0">
              <value>
                <![CDATA[Mizoram]]>
              </value>
            </param>
          </params>
          <reporter-output>
          </reporter-output>
        </test-method> <!-- test -->
        <test-method is-config="true" signature="closeBrowser()[pri:0, instance:testcases.StatesTest@6c4906d3]" started-at="2023-08-19T09:35:29 IST" name="closeBrowser" finished-at="2023-08-19T09:35:29 IST" duration-ms="241" status="PASS">
          <reporter-output>
          </reporter-output>
        </test-method> <!-- closeBrowser -->
        <test-method is-config="true" signature="openBrowser(java.lang.String,java.lang.String)[pri:0, instance:testcases.StatesTest@6c4906d3]" started-at="2023-08-19T09:35:29 IST" name="openBrowser" finished-at="2023-08-19T09:35:31 IST" duration-ms="2386" status="PASS">
          <params>
            <param index="0">
              <value>
                <![CDATA[chrome]]>
              </value>
            </param>
            <param index="1">
              <value>
                <![CDATA[http://www.rminfotechsolutions.com/VideoRegNewRMInfotech.html]]>
              </value>
            </param>
          </params>
          <reporter-output>
          </reporter-output>
        </test-method> <!-- openBrowser -->
        <test-method is-config="true" signature="screenshot(java.lang.String)[pri:0, instance:testcases.StatesTest@6c4906d3]" started-at="2023-08-19T09:35:31 IST" name="screenshot" finished-at="2023-08-19T09:35:32 IST" depends-on-methods="core.Page.openBrowser" duration-ms="310" status="PASS">
          <params>
            <param index="0">
              <value>
                <![CDATA[rminfotechimg]]>
              </value>
            </param>
          </params>
          <reporter-output>
          </reporter-output>
        </test-method> <!-- screenshot -->
        <test-method signature="test(java.lang.String)[pri:0, instance:testcases.StatesTest@6c4906d3]" started-at="2023-08-19T09:35:32 IST" name="test" data-provider="dp" finished-at="2023-08-19T09:35:32 IST" duration-ms="503" status="PASS">
          <params>
            <param index="0">
              <value>
                <![CDATA[Meghalaya]]>
              </value>
            </param>
          </params>
          <reporter-output>
          </reporter-output>
        </test-method> <!-- test -->
        <test-method is-config="true" signature="closeBrowser()[pri:0, instance:testcases.StatesTest@6c4906d3]" started-at="2023-08-19T09:35:32 IST" name="closeBrowser" finished-at="2023-08-19T09:35:33 IST" duration-ms="256" status="PASS">
          <reporter-output>
          </reporter-output>
        </test-method> <!-- closeBrowser -->
        <test-method is-config="true" signature="openBrowser(java.lang.String,java.lang.String)[pri:0, instance:testcases.StatesTest@6c4906d3]" started-at="2023-08-19T09:35:33 IST" name="openBrowser" finished-at="2023-08-19T09:35:35 IST" duration-ms="2382" status="PASS">
          <params>
            <param index="0">
              <value>
                <![CDATA[chrome]]>
              </value>
            </param>
            <param index="1">
              <value>
                <![CDATA[http://www.rminfotechsolutions.com/VideoRegNewRMInfotech.html]]>
              </value>
            </param>
          </params>
          <reporter-output>
          </reporter-output>
        </test-method> <!-- openBrowser -->
        <test-method is-config="true" signature="screenshot(java.lang.String)[pri:0, instance:testcases.StatesTest@6c4906d3]" started-at="2023-08-19T09:35:35 IST" name="screenshot" finished-at="2023-08-19T09:35:35 IST" depends-on-methods="core.Page.openBrowser" duration-ms="259" status="PASS">
          <params>
            <param index="0">
              <value>
                <![CDATA[rminfotechimg]]>
              </value>
            </param>
          </params>
          <reporter-output>
          </reporter-output>
        </test-method> <!-- screenshot -->
        <test-method signature="test(java.lang.String)[pri:0, instance:testcases.StatesTest@6c4906d3]" started-at="2023-08-19T09:35:35 IST" name="test" data-provider="dp" finished-at="2023-08-19T09:35:36 IST" duration-ms="496" status="PASS">
          <params>
            <param index="0">
              <value>
                <![CDATA[Nagaland]]>
              </value>
            </param>
          </params>
          <reporter-output>
          </reporter-output>
        </test-method> <!-- test -->
        <test-method is-config="true" signature="closeBrowser()[pri:0, instance:testcases.StatesTest@6c4906d3]" started-at="2023-08-19T09:35:36 IST" name="closeBrowser" finished-at="2023-08-19T09:35:36 IST" duration-ms="253" status="PASS">
          <reporter-output>
          </reporter-output>
        </test-method> <!-- closeBrowser -->
        <test-method is-config="true" signature="openBrowser(java.lang.String,java.lang.String)[pri:0, instance:testcases.StatesTest@6c4906d3]" started-at="2023-08-19T09:35:36 IST" name="openBrowser" finished-at="2023-08-19T09:35:38 IST" duration-ms="2432" status="PASS">
          <params>
            <param index="0">
              <value>
                <![CDATA[chrome]]>
              </value>
            </param>
            <param index="1">
              <value>
                <![CDATA[http://www.rminfotechsolutions.com/VideoRegNewRMInfotech.html]]>
              </value>
            </param>
          </params>
          <reporter-output>
          </reporter-output>
        </test-method> <!-- openBrowser -->
        <test-method is-config="true" signature="screenshot(java.lang.String)[pri:0, instance:testcases.StatesTest@6c4906d3]" started-at="2023-08-19T09:35:38 IST" name="screenshot" finished-at="2023-08-19T09:35:39 IST" depends-on-methods="core.Page.openBrowser" duration-ms="261" status="PASS">
          <params>
            <param index="0">
              <value>
                <![CDATA[rminfotechimg]]>
              </value>
            </param>
          </params>
          <reporter-output>
          </reporter-output>
        </test-method> <!-- screenshot -->
        <test-method signature="test(java.lang.String)[pri:0, instance:testcases.StatesTest@6c4906d3]" started-at="2023-08-19T09:35:39 IST" name="test" data-provider="dp" finished-at="2023-08-19T09:35:39 IST" duration-ms="489" status="PASS">
          <params>
            <param index="0">
              <value>
                <![CDATA[Orissa]]>
              </value>
            </param>
          </params>
          <reporter-output>
          </reporter-output>
        </test-method> <!-- test -->
        <test-method is-config="true" signature="closeBrowser()[pri:0, instance:testcases.StatesTest@6c4906d3]" started-at="2023-08-19T09:35:39 IST" name="closeBrowser" finished-at="2023-08-19T09:35:39 IST" duration-ms="249" status="PASS">
          <reporter-output>
          </reporter-output>
        </test-method> <!-- closeBrowser -->
        <test-method is-config="true" signature="openBrowser(java.lang.String,java.lang.String)[pri:0, instance:testcases.StatesTest@6c4906d3]" started-at="2023-08-19T09:35:39 IST" name="openBrowser" finished-at="2023-08-19T09:35:43 IST" duration-ms="3361" status="PASS">
          <params>
            <param index="0">
              <value>
                <![CDATA[chrome]]>
              </value>
            </param>
            <param index="1">
              <value>
                <![CDATA[http://www.rminfotechsolutions.com/VideoRegNewRMInfotech.html]]>
              </value>
            </param>
          </params>
          <reporter-output>
          </reporter-output>
        </test-method> <!-- openBrowser -->
        <test-method is-config="true" signature="screenshot(java.lang.String)[pri:0, instance:testcases.StatesTest@6c4906d3]" started-at="2023-08-19T09:35:43 IST" name="screenshot" finished-at="2023-08-19T09:35:43 IST" depends-on-methods="core.Page.openBrowser" duration-ms="297" status="PASS">
          <params>
            <param index="0">
              <value>
                <![CDATA[rminfotechimg]]>
              </value>
            </param>
          </params>
          <reporter-output>
          </reporter-output>
        </test-method> <!-- screenshot -->
        <test-method signature="test(java.lang.String)[pri:0, instance:testcases.StatesTest@6c4906d3]" started-at="2023-08-19T09:35:43 IST" name="test" data-provider="dp" finished-at="2023-08-19T09:35:44 IST" duration-ms="519" status="PASS">
          <params>
            <param index="0">
              <value>
                <![CDATA[Pondicherry]]>
              </value>
            </param>
          </params>
          <reporter-output>
          </reporter-output>
        </test-method> <!-- test -->
        <test-method is-config="true" signature="closeBrowser()[pri:0, instance:testcases.StatesTest@6c4906d3]" started-at="2023-08-19T09:35:44 IST" name="closeBrowser" finished-at="2023-08-19T09:35:44 IST" duration-ms="238" status="PASS">
          <reporter-output>
          </reporter-output>
        </test-method> <!-- closeBrowser -->
        <test-method is-config="true" signature="openBrowser(java.lang.String,java.lang.String)[pri:0, instance:testcases.StatesTest@6c4906d3]" started-at="2023-08-19T09:35:44 IST" name="openBrowser" finished-at="2023-08-19T09:35:46 IST" duration-ms="2334" status="PASS">
          <params>
            <param index="0">
              <value>
                <![CDATA[chrome]]>
              </value>
            </param>
            <param index="1">
              <value>
                <![CDATA[http://www.rminfotechsolutions.com/VideoRegNewRMInfotech.html]]>
              </value>
            </param>
          </params>
          <reporter-output>
          </reporter-output>
        </test-method> <!-- openBrowser -->
        <test-method is-config="true" signature="screenshot(java.lang.String)[pri:0, instance:testcases.StatesTest@6c4906d3]" started-at="2023-08-19T09:35:46 IST" name="screenshot" finished-at="2023-08-19T09:35:46 IST" depends-on-methods="core.Page.openBrowser" duration-ms="305" status="PASS">
          <params>
            <param index="0">
              <value>
                <![CDATA[rminfotechimg]]>
              </value>
            </param>
          </params>
          <reporter-output>
          </reporter-output>
        </test-method> <!-- screenshot -->
        <test-method signature="test(java.lang.String)[pri:0, instance:testcases.StatesTest@6c4906d3]" started-at="2023-08-19T09:35:46 IST" name="test" data-provider="dp" finished-at="2023-08-19T09:35:47 IST" duration-ms="550" status="PASS">
          <params>
            <param index="0">
              <value>
                <![CDATA[Punjab]]>
              </value>
            </param>
          </params>
          <reporter-output>
          </reporter-output>
        </test-method> <!-- test -->
        <test-method is-config="true" signature="closeBrowser()[pri:0, instance:testcases.StatesTest@6c4906d3]" started-at="2023-08-19T09:35:47 IST" name="closeBrowser" finished-at="2023-08-19T09:35:47 IST" duration-ms="251" status="PASS">
          <reporter-output>
          </reporter-output>
        </test-method> <!-- closeBrowser -->
        <test-method is-config="true" signature="openBrowser(java.lang.String,java.lang.String)[pri:0, instance:testcases.StatesTest@6c4906d3]" started-at="2023-08-19T09:35:47 IST" name="openBrowser" finished-at="2023-08-19T09:35:51 IST" duration-ms="3290" status="PASS">
          <params>
            <param index="0">
              <value>
                <![CDATA[chrome]]>
              </value>
            </param>
            <param index="1">
              <value>
                <![CDATA[http://www.rminfotechsolutions.com/VideoRegNewRMInfotech.html]]>
              </value>
            </param>
          </params>
          <reporter-output>
          </reporter-output>
        </test-method> <!-- openBrowser -->
        <test-method is-config="true" signature="screenshot(java.lang.String)[pri:0, instance:testcases.StatesTest@6c4906d3]" started-at="2023-08-19T09:35:51 IST" name="screenshot" finished-at="2023-08-19T09:35:51 IST" depends-on-methods="core.Page.openBrowser" duration-ms="232" status="PASS">
          <params>
            <param index="0">
              <value>
                <![CDATA[rminfotechimg]]>
              </value>
            </param>
          </params>
          <reporter-output>
          </reporter-output>
        </test-method> <!-- screenshot -->
        <test-method signature="test(java.lang.String)[pri:0, instance:testcases.StatesTest@6c4906d3]" started-at="2023-08-19T09:35:51 IST" name="test" data-provider="dp" finished-at="2023-08-19T09:35:51 IST" duration-ms="533" status="PASS">
          <params>
            <param index="0">
              <value>
                <![CDATA[Rajasthan]]>
              </value>
            </param>
          </params>
          <reporter-output>
          </reporter-output>
        </test-method> <!-- test -->
        <test-method is-config="true" signature="closeBrowser()[pri:0, instance:testcases.StatesTest@6c4906d3]" started-at="2023-08-19T09:35:51 IST" name="closeBrowser" finished-at="2023-08-19T09:35:52 IST" duration-ms="243" status="PASS">
          <reporter-output>
          </reporter-output>
        </test-method> <!-- closeBrowser -->
        <test-method is-config="true" signature="openBrowser(java.lang.String,java.lang.String)[pri:0, instance:testcases.StatesTest@6c4906d3]" started-at="2023-08-19T09:35:52 IST" name="openBrowser" finished-at="2023-08-19T09:35:54 IST" duration-ms="2488" status="PASS">
          <params>
            <param index="0">
              <value>
                <![CDATA[chrome]]>
              </value>
            </param>
            <param index="1">
              <value>
                <![CDATA[http://www.rminfotechsolutions.com/VideoRegNewRMInfotech.html]]>
              </value>
            </param>
          </params>
          <reporter-output>
          </reporter-output>
        </test-method> <!-- openBrowser -->
        <test-method is-config="true" signature="screenshot(java.lang.String)[pri:0, instance:testcases.StatesTest@6c4906d3]" started-at="2023-08-19T09:35:54 IST" name="screenshot" finished-at="2023-08-19T09:35:54 IST" depends-on-methods="core.Page.openBrowser" duration-ms="303" status="PASS">
          <params>
            <param index="0">
              <value>
                <![CDATA[rminfotechimg]]>
              </value>
            </param>
          </params>
          <reporter-output>
          </reporter-output>
        </test-method> <!-- screenshot -->
        <test-method signature="test(java.lang.String)[pri:0, instance:testcases.StatesTest@6c4906d3]" started-at="2023-08-19T09:35:54 IST" name="test" data-provider="dp" finished-at="2023-08-19T09:35:55 IST" duration-ms="582" status="PASS">
          <params>
            <param index="0">
              <value>
                <![CDATA[Sikkim]]>
              </value>
            </param>
          </params>
          <reporter-output>
          </reporter-output>
        </test-method> <!-- test -->
        <test-method is-config="true" signature="closeBrowser()[pri:0, instance:testcases.StatesTest@6c4906d3]" started-at="2023-08-19T09:35:55 IST" name="closeBrowser" finished-at="2023-08-19T09:35:55 IST" duration-ms="248" status="PASS">
          <reporter-output>
          </reporter-output>
        </test-method> <!-- closeBrowser -->
        <test-method is-config="true" signature="openBrowser(java.lang.String,java.lang.String)[pri:0, instance:testcases.StatesTest@6c4906d3]" started-at="2023-08-19T09:35:55 IST" name="openBrowser" finished-at="2023-08-19T09:35:57 IST" duration-ms="2323" status="PASS">
          <params>
            <param index="0">
              <value>
                <![CDATA[chrome]]>
              </value>
            </param>
            <param index="1">
              <value>
                <![CDATA[http://www.rminfotechsolutions.com/VideoRegNewRMInfotech.html]]>
              </value>
            </param>
          </params>
          <reporter-output>
          </reporter-output>
        </test-method> <!-- openBrowser -->
        <test-method is-config="true" signature="screenshot(java.lang.String)[pri:0, instance:testcases.StatesTest@6c4906d3]" started-at="2023-08-19T09:35:57 IST" name="screenshot" finished-at="2023-08-19T09:35:58 IST" depends-on-methods="core.Page.openBrowser" duration-ms="324" status="PASS">
          <params>
            <param index="0">
              <value>
                <![CDATA[rminfotechimg]]>
              </value>
            </param>
          </params>
          <reporter-output>
          </reporter-output>
        </test-method> <!-- screenshot -->
        <test-method signature="test(java.lang.String)[pri:0, instance:testcases.StatesTest@6c4906d3]" started-at="2023-08-19T09:35:58 IST" name="test" data-provider="dp" finished-at="2023-08-19T09:35:58 IST" duration-ms="585" status="PASS">
          <params>
            <param index="0">
              <value>
                <![CDATA[Tamil Nadu]]>
              </value>
            </param>
          </params>
          <reporter-output>
          </reporter-output>
        </test-method> <!-- test -->
        <test-method is-config="true" signature="closeBrowser()[pri:0, instance:testcases.StatesTest@6c4906d3]" started-at="2023-08-19T09:35:58 IST" name="closeBrowser" finished-at="2023-08-19T09:35:59 IST" duration-ms="259" status="PASS">
          <reporter-output>
          </reporter-output>
        </test-method> <!-- closeBrowser -->
        <test-method is-config="true" signature="openBrowser(java.lang.String,java.lang.String)[pri:0, instance:testcases.StatesTest@6c4906d3]" started-at="2023-08-19T09:35:59 IST" name="openBrowser" finished-at="2023-08-19T09:36:01 IST" duration-ms="2341" status="PASS">
          <params>
            <param index="0">
              <value>
                <![CDATA[chrome]]>
              </value>
            </param>
            <param index="1">
              <value>
                <![CDATA[http://www.rminfotechsolutions.com/VideoRegNewRMInfotech.html]]>
              </value>
            </param>
          </params>
          <reporter-output>
          </reporter-output>
        </test-method> <!-- openBrowser -->
        <test-method is-config="true" signature="screenshot(java.lang.String)[pri:0, instance:testcases.StatesTest@6c4906d3]" started-at="2023-08-19T09:36:01 IST" name="screenshot" finished-at="2023-08-19T09:36:01 IST" depends-on-methods="core.Page.openBrowser" duration-ms="320" status="PASS">
          <params>
            <param index="0">
              <value>
                <![CDATA[rminfotechimg]]>
              </value>
            </param>
          </params>
          <reporter-output>
          </reporter-output>
        </test-method> <!-- screenshot -->
        <test-method signature="test(java.lang.String)[pri:0, instance:testcases.StatesTest@6c4906d3]" started-at="2023-08-19T09:36:01 IST" name="test" data-provider="dp" finished-at="2023-08-19T09:36:02 IST" duration-ms="579" status="PASS">
          <params>
            <param index="0">
              <value>
                <![CDATA[Tripura]]>
              </value>
            </param>
          </params>
          <reporter-output>
          </reporter-output>
        </test-method> <!-- test -->
        <test-method is-config="true" signature="closeBrowser()[pri:0, instance:testcases.StatesTest@6c4906d3]" started-at="2023-08-19T09:36:02 IST" name="closeBrowser" finished-at="2023-08-19T09:36:02 IST" duration-ms="189" status="PASS">
          <reporter-output>
          </reporter-output>
        </test-method> <!-- closeBrowser -->
        <test-method is-config="true" signature="openBrowser(java.lang.String,java.lang.String)[pri:0, instance:testcases.StatesTest@6c4906d3]" started-at="2023-08-19T09:36:02 IST" name="openBrowser" finished-at="2023-08-19T09:36:04 IST" duration-ms="2374" status="PASS">
          <params>
            <param index="0">
              <value>
                <![CDATA[chrome]]>
              </value>
            </param>
            <param index="1">
              <value>
                <![CDATA[http://www.rminfotechsolutions.com/VideoRegNewRMInfotech.html]]>
              </value>
            </param>
          </params>
          <reporter-output>
          </reporter-output>
        </test-method> <!-- openBrowser -->
        <test-method is-config="true" signature="screenshot(java.lang.String)[pri:0, instance:testcases.StatesTest@6c4906d3]" started-at="2023-08-19T09:36:04 IST" name="screenshot" finished-at="2023-08-19T09:36:05 IST" depends-on-methods="core.Page.openBrowser" duration-ms="289" status="PASS">
          <params>
            <param index="0">
              <value>
                <![CDATA[rminfotechimg]]>
              </value>
            </param>
          </params>
          <reporter-output>
          </reporter-output>
        </test-method> <!-- screenshot -->
        <test-method signature="test(java.lang.String)[pri:0, instance:testcases.StatesTest@6c4906d3]" started-at="2023-08-19T09:36:05 IST" name="test" data-provider="dp" finished-at="2023-08-19T09:36:05 IST" duration-ms="631" status="PASS">
          <params>
            <param index="0">
              <value>
                <![CDATA[Uttar Pradesh]]>
              </value>
            </param>
          </params>
          <reporter-output>
          </reporter-output>
        </test-method> <!-- test -->
        <test-method is-config="true" signature="closeBrowser()[pri:0, instance:testcases.StatesTest@6c4906d3]" started-at="2023-08-19T09:36:05 IST" name="closeBrowser" finished-at="2023-08-19T09:36:06 IST" duration-ms="246" status="PASS">
          <reporter-output>
          </reporter-output>
        </test-method> <!-- closeBrowser -->
        <test-method is-config="true" signature="openBrowser(java.lang.String,java.lang.String)[pri:0, instance:testcases.StatesTest@6c4906d3]" started-at="2023-08-19T09:36:06 IST" name="openBrowser" finished-at="2023-08-19T09:36:08 IST" duration-ms="2355" status="PASS">
          <params>
            <param index="0">
              <value>
                <![CDATA[chrome]]>
              </value>
            </param>
            <param index="1">
              <value>
                <![CDATA[http://www.rminfotechsolutions.com/VideoRegNewRMInfotech.html]]>
              </value>
            </param>
          </params>
          <reporter-output>
          </reporter-output>
        </test-method> <!-- openBrowser -->
        <test-method is-config="true" signature="screenshot(java.lang.String)[pri:0, instance:testcases.StatesTest@6c4906d3]" started-at="2023-08-19T09:36:08 IST" name="screenshot" finished-at="2023-08-19T09:36:08 IST" depends-on-methods="core.Page.openBrowser" duration-ms="319" status="PASS">
          <params>
            <param index="0">
              <value>
                <![CDATA[rminfotechimg]]>
              </value>
            </param>
          </params>
          <reporter-output>
          </reporter-output>
        </test-method> <!-- screenshot -->
        <test-method signature="test(java.lang.String)[pri:0, instance:testcases.StatesTest@6c4906d3]" started-at="2023-08-19T09:36:08 IST" name="test" data-provider="dp" finished-at="2023-08-19T09:36:09 IST" duration-ms="608" status="PASS">
          <params>
            <param index="0">
              <value>
                <![CDATA[Uttarakhand]]>
              </value>
            </param>
          </params>
          <reporter-output>
          </reporter-output>
        </test-method> <!-- test -->
        <test-method is-config="true" signature="closeBrowser()[pri:0, instance:testcases.StatesTest@6c4906d3]" started-at="2023-08-19T09:36:09 IST" name="closeBrowser" finished-at="2023-08-19T09:36:09 IST" duration-ms="205" status="PASS">
          <reporter-output>
          </reporter-output>
        </test-method> <!-- closeBrowser -->
        <test-method is-config="true" signature="openBrowser(java.lang.String,java.lang.String)[pri:0, instance:testcases.StatesTest@6c4906d3]" started-at="2023-08-19T09:36:09 IST" name="openBrowser" finished-at="2023-08-19T09:36:12 IST" duration-ms="2433" status="PASS">
          <params>
            <param index="0">
              <value>
                <![CDATA[chrome]]>
              </value>
            </param>
            <param index="1">
              <value>
                <![CDATA[http://www.rminfotechsolutions.com/VideoRegNewRMInfotech.html]]>
              </value>
            </param>
          </params>
          <reporter-output>
          </reporter-output>
        </test-method> <!-- openBrowser -->
        <test-method is-config="true" signature="screenshot(java.lang.String)[pri:0, instance:testcases.StatesTest@6c4906d3]" started-at="2023-08-19T09:36:12 IST" name="screenshot" finished-at="2023-08-19T09:36:12 IST" depends-on-methods="core.Page.openBrowser" duration-ms="270" status="PASS">
          <params>
            <param index="0">
              <value>
                <![CDATA[rminfotechimg]]>
              </value>
            </param>
          </params>
          <reporter-output>
          </reporter-output>
        </test-method> <!-- screenshot -->
        <test-method signature="test(java.lang.String)[pri:0, instance:testcases.StatesTest@6c4906d3]" started-at="2023-08-19T09:36:12 IST" name="test" data-provider="dp" finished-at="2023-08-19T09:36:12 IST" duration-ms="669" status="PASS">
          <params>
            <param index="0">
              <value>
                <![CDATA[West Bengal]]>
              </value>
            </param>
          </params>
          <reporter-output>
          </reporter-output>
        </test-method> <!-- test -->
        <test-method is-config="true" signature="closeBrowser()[pri:0, instance:testcases.StatesTest@6c4906d3]" started-at="2023-08-19T09:36:12 IST" name="closeBrowser" finished-at="2023-08-19T09:36:13 IST" duration-ms="243" status="PASS">
          <reporter-output>
          </reporter-output>
        </test-method> <!-- closeBrowser -->
        <test-method is-config="true" signature="openBrowser(java.lang.String,java.lang.String)[pri:0, instance:testcases.StatesTest@6c4906d3]" started-at="2023-08-19T09:36:13 IST" name="openBrowser" finished-at="2023-08-19T09:36:15 IST" duration-ms="2526" status="PASS">
          <params>
            <param index="0">
              <value>
                <![CDATA[chrome]]>
              </value>
            </param>
            <param index="1">
              <value>
                <![CDATA[http://www.rminfotechsolutions.com/VideoRegNewRMInfotech.html]]>
              </value>
            </param>
          </params>
          <reporter-output>
          </reporter-output>
        </test-method> <!-- openBrowser -->
        <test-method is-config="true" signature="screenshot(java.lang.String)[pri:0, instance:testcases.StatesTest@6c4906d3]" started-at="2023-08-19T09:36:15 IST" name="screenshot" finished-at="2023-08-19T09:36:16 IST" depends-on-methods="core.Page.openBrowser" duration-ms="252" status="PASS">
          <params>
            <param index="0">
              <value>
                <![CDATA[rminfotechimg]]>
              </value>
            </param>
          </params>
          <reporter-output>
          </reporter-output>
        </test-method> <!-- screenshot -->
        <test-method signature="test(java.lang.String)[pri:0, instance:testcases.StatesTest@6c4906d3]" started-at="2023-08-19T09:36:16 IST" name="test" data-provider="dp" finished-at="2023-08-19T09:36:16 IST" duration-ms="393" status="PASS">
          <params>
            <param index="0">
              <value>
                <![CDATA[Manipur]]>
              </value>
            </param>
          </params>
          <reporter-output>
          </reporter-output>
        </test-method> <!-- test -->
        <test-method is-config="true" signature="closeBrowser()[pri:0, instance:testcases.StatesTest@6c4906d3]" started-at="2023-08-19T09:36:16 IST" name="closeBrowser" finished-at="2023-08-19T09:36:16 IST" duration-ms="240" status="PASS">
          <reporter-output>
          </reporter-output>
        </test-method> <!-- closeBrowser -->
        <test-method is-config="true" signature="closeWBConnection()[pri:0, instance:testcases.StatesTest@6c4906d3]" started-at="2023-08-19T09:36:16 IST" name="closeWBConnection" finished-at="2023-08-19T09:36:16 IST" duration-ms="12" status="PASS">
          <reporter-output>
          </reporter-output>
        </test-method> <!-- closeWBConnection -->
        <test-method is-config="true" signature="closeReport()[pri:0, instance:testcases.StatesTest@6c4906d3]" started-at="2023-08-19T09:36:16 IST" name="closeReport" finished-at="2023-08-19T09:36:17 IST" duration-ms="385" status="PASS">
          <reporter-output>
          </reporter-output>
        </test-method> <!-- closeReport -->
      </class> <!-- testcases.StatesTest -->
    </test> <!-- StateTest -->
  </suite> <!-- Suite -->
</testng-results>
